{"/Users/faizamahmoud/Desktop/SEI/deliverables/capstone-project/the-perfume-store/config/db.connection.js": {"path":"/Users/faizamahmoud/Desktop/SEI/deliverables/capstone-project/the-perfume-store/config/db.connection.js","statementMap":{"0":{"start":{"line":1,"column":0},"end":{"line":1,"column":27}},"1":{"start":{"line":2,"column":17},"end":{"line":2,"column":36}},"2":{"start":{"line":3,"column":16},"end":{"line":3,"column":44}},"3":{"start":{"line":5,"column":18},"end":{"line":5,"column":43}},"4":{"start":{"line":6,"column":13},"end":{"line":6,"column":30}},"5":{"start":{"line":9,"column":24},"end":{"line":9,"column":35}},"6":{"start":{"line":12,"column":1},"end":{"line":12,"column":90}},"7":{"start":{"line":16,"column":1},"end":{"line":16,"column":35}},"8":{"start":{"line":20,"column":0},"end":{"line":23,"column":45}},"9":{"start":{"line":21,"column":19},"end":{"line":21,"column":71}},"10":{"start":{"line":22,"column":20},"end":{"line":22,"column":74}},"11":{"start":{"line":23,"column":25},"end":{"line":23,"column":43}},"12":{"start":{"line":26,"column":21},"end":{"line":26,"column":63}},"13":{"start":{"line":26,"column":50},"end":{"line":26,"column":60}},"14":{"start":{"line":28,"column":22},"end":{"line":28,"column":76}},"15":{"start":{"line":28,"column":42},"end":{"line":28,"column":75}},"16":{"start":{"line":30,"column":24},"end":{"line":42,"column":1}},"17":{"start":{"line":31,"column":16},"end":{"line":31,"column":18}},"18":{"start":{"line":32,"column":21},"end":{"line":32,"column":30}},"19":{"start":{"line":34,"column":1},"end":{"line":40,"column":2}},"20":{"start":{"line":35,"column":16},"end":{"line":35,"column":46}},"21":{"start":{"line":36,"column":2},"end":{"line":39,"column":3}},"22":{"start":{"line":37,"column":3},"end":{"line":37,"column":29}},"23":{"start":{"line":38,"column":3},"end":{"line":38,"column":26}},"24":{"start":{"line":41,"column":1},"end":{"line":41,"column":15}},"25":{"start":{"line":44,"column":15},"end":{"line":44,"column":50}},"26":{"start":{"line":48,"column":1},"end":{"line":53,"column":2}},"27":{"start":{"line":49,"column":27},"end":{"line":49,"column":55}},"28":{"start":{"line":50,"column":18},"end":{"line":50,"column":50}},"29":{"start":{"line":52,"column":2},"end":{"line":52,"column":19}},"30":{"start":{"line":58,"column":0},"end":{"line":61,"column":4}}},"fnMap":{"0":{"name":"connect","decl":{"start":{"line":11,"column":15},"end":{"line":11,"column":22}},"loc":{"start":{"line":11,"column":25},"end":{"line":13,"column":3}},"line":11},"1":{"name":"close","decl":{"start":{"line":15,"column":17},"end":{"line":15,"column":22}},"loc":{"start":{"line":15,"column":25},"end":{"line":17,"column":3}},"line":15},"2":{"name":"(anonymous_2)","decl":{"start":{"line":21,"column":13},"end":{"line":21,"column":14}},"loc":{"start":{"line":21,"column":19},"end":{"line":21,"column":71}},"line":21},"3":{"name":"(anonymous_3)","decl":{"start":{"line":22,"column":14},"end":{"line":22,"column":15}},"loc":{"start":{"line":22,"column":20},"end":{"line":22,"column":74}},"line":22},"4":{"name":"(anonymous_4)","decl":{"start":{"line":23,"column":14},"end":{"line":23,"column":15}},"loc":{"start":{"line":23,"column":25},"end":{"line":23,"column":43}},"line":23},"5":{"name":"(anonymous_5)","decl":{"start":{"line":26,"column":42},"end":{"line":26,"column":43}},"loc":{"start":{"line":26,"column":50},"end":{"line":26,"column":60}},"line":26},"6":{"name":"(anonymous_6)","decl":{"start":{"line":28,"column":34},"end":{"line":28,"column":35}},"loc":{"start":{"line":28,"column":42},"end":{"line":28,"column":75}},"line":28},"7":{"name":"(anonymous_7)","decl":{"start":{"line":30,"column":24},"end":{"line":30,"column":25}},"loc":{"start":{"line":30,"column":41},"end":{"line":42,"column":1}},"line":30},"8":{"name":"reloadData","decl":{"start":{"line":47,"column":15},"end":{"line":47,"column":25}},"loc":{"start":{"line":47,"column":28},"end":{"line":55,"column":1}},"line":47}},"branchMap":{"0":{"loc":{"start":{"line":34,"column":8},"end":{"line":34,"column":63}},"type":"binary-expr","locations":[{"start":{"line":34,"column":8},"end":{"line":34,"column":28}},{"start":{"line":34,"column":32},"end":{"line":34,"column":63}}],"line":34},"1":{"loc":{"start":{"line":36,"column":2},"end":{"line":39,"column":3}},"type":"if","locations":[{"start":{"line":36,"column":2},"end":{"line":39,"column":3}},{"start":{},"end":{}}],"line":36}},"s":{"0":1,"1":1,"2":1,"3":1,"4":1,"5":1,"6":1,"7":1,"8":1,"9":1,"10":1,"11":0,"12":1,"13":2187,"14":1,"15":2187,"16":1,"17":1,"18":1,"19":1,"20":101,"21":101,"22":100,"23":100,"24":1,"25":1,"26":0,"27":0,"28":0,"29":0,"30":1},"f":{"0":1,"1":1,"2":1,"3":1,"4":0,"5":2187,"6":2187,"7":1,"8":0},"b":{"0":[102,101],"1":[100,1]},"_coverageSchema":"1a1c01bbd47fc00a2c39e90264f33305004495a9","hash":"4f985f7bc080212e219773d3916df3dc645977d4"}
,"/Users/faizamahmoud/Desktop/SEI/deliverables/capstone-project/the-perfume-store/config/seed.js": {"path":"/Users/faizamahmoud/Desktop/SEI/deliverables/capstone-project/the-perfume-store/config/seed.js","statementMap":{"0":{"start":{"line":1,"column":0},"end":{"line":15315,"column":2}}},"fnMap":{},"branchMap":{},"s":{"0":1},"f":{},"b":{},"_coverageSchema":"1a1c01bbd47fc00a2c39e90264f33305004495a9","hash":"bbc818af9bbe63ac1f82c0dc639fd94284f52930"}
,"/Users/faizamahmoud/Desktop/SEI/deliverables/capstone-project/the-perfume-store/controllers/auth_controller.js": {"path":"/Users/faizamahmoud/Desktop/SEI/deliverables/capstone-project/the-perfume-store/controllers/auth_controller.js","statementMap":{"0":{"start":{"line":2,"column":16},"end":{"line":2,"column":34}},"1":{"start":{"line":3,"column":15},"end":{"line":3,"column":31}},"2":{"start":{"line":4,"column":15},"end":{"line":4,"column":32}},"3":{"start":{"line":5,"column":28},"end":{"line":5,"column":57}},"4":{"start":{"line":7,"column":17},"end":{"line":7,"column":37}},"5":{"start":{"line":14,"column":0},"end":{"line":40,"column":3}},"6":{"start":{"line":16,"column":1},"end":{"line":39,"column":2}},"7":{"start":{"line":17,"column":15},"end":{"line":17,"column":39}},"8":{"start":{"line":18,"column":23},"end":{"line":18,"column":65}},"9":{"start":{"line":19,"column":18},"end":{"line":19,"column":35}},"10":{"start":{"line":20,"column":2},"end":{"line":20,"column":35}},"11":{"start":{"line":21,"column":18},"end":{"line":21,"column":45}},"12":{"start":{"line":24,"column":2},"end":{"line":36,"column":3}},"13":{"start":{"line":25,"column":3},"end":{"line":25,"column":31}},"14":{"start":{"line":26,"column":34},"end":{"line":26,"column":63}},"15":{"start":{"line":27,"column":3},"end":{"line":33,"column":6}},"16":{"start":{"line":35,"column":3},"end":{"line":35,"column":59}},"17":{"start":{"line":38,"column":2},"end":{"line":38,"column":47}},"18":{"start":{"line":48,"column":0},"end":{"line":64,"column":3}},"19":{"start":{"line":49,"column":1},"end":{"line":63,"column":2}},"20":{"start":{"line":50,"column":22},"end":{"line":50,"column":39}},"21":{"start":{"line":51,"column":20},"end":{"line":51,"column":65}},"22":{"start":{"line":52,"column":16},"end":{"line":52,"column":53}},"23":{"start":{"line":54,"column":2},"end":{"line":60,"column":5}},"24":{"start":{"line":62,"column":2},"end":{"line":62,"column":75}},"25":{"start":{"line":68,"column":0},"end":{"line":68,"column":24}}},"fnMap":{"0":{"name":"(anonymous_0)","decl":{"start":{"line":14,"column":25},"end":{"line":14,"column":26}},"loc":{"start":{"line":14,"column":51},"end":{"line":40,"column":1}},"line":14},"1":{"name":"(anonymous_1)","decl":{"start":{"line":48,"column":22},"end":{"line":48,"column":23}},"loc":{"start":{"line":48,"column":48},"end":{"line":64,"column":1}},"line":48}},"branchMap":{"0":{"loc":{"start":{"line":24,"column":2},"end":{"line":36,"column":3}},"type":"if","locations":[{"start":{"line":24,"column":2},"end":{"line":36,"column":3}},{"start":{"line":34,"column":9},"end":{"line":36,"column":3}}],"line":24}},"s":{"0":1,"1":1,"2":1,"3":1,"4":1,"5":1,"6":0,"7":0,"8":0,"9":0,"10":0,"11":0,"12":0,"13":0,"14":0,"15":0,"16":0,"17":0,"18":1,"19":0,"20":0,"21":0,"22":0,"23":0,"24":0,"25":1},"f":{"0":0,"1":0},"b":{"0":[0,0]},"_coverageSchema":"1a1c01bbd47fc00a2c39e90264f33305004495a9","hash":"b21a23aa25e51310057948b063ce4636c346763c"}
,"/Users/faizamahmoud/Desktop/SEI/deliverables/capstone-project/the-perfume-store/controllers/inventory_controller.js": {"path":"/Users/faizamahmoud/Desktop/SEI/deliverables/capstone-project/the-perfume-store/controllers/inventory_controller.js","statementMap":{"0":{"start":{"line":2,"column":16},"end":{"line":2,"column":34}},"1":{"start":{"line":3,"column":19},"end":{"line":3,"column":39}},"2":{"start":{"line":6,"column":20},"end":{"line":13,"column":1}},"3":{"start":{"line":7,"column":1},"end":{"line":12,"column":2}},"4":{"start":{"line":8,"column":19},"end":{"line":8,"column":39}},"5":{"start":{"line":9,"column":2},"end":{"line":9,"column":21}},"6":{"start":{"line":11,"column":2},"end":{"line":11,"column":30}},"7":{"start":{"line":14,"column":20},"end":{"line":21,"column":1}},"8":{"start":{"line":15,"column":1},"end":{"line":20,"column":2}},"9":{"start":{"line":16,"column":18},"end":{"line":16,"column":55}},"10":{"start":{"line":17,"column":2},"end":{"line":17,"column":19}},"11":{"start":{"line":19,"column":2},"end":{"line":19,"column":30}},"12":{"start":{"line":24,"column":0},"end":{"line":27,"column":2}}},"fnMap":{"0":{"name":"(anonymous_0)","decl":{"start":{"line":6,"column":20},"end":{"line":6,"column":21}},"loc":{"start":{"line":6,"column":40},"end":{"line":13,"column":1}},"line":6},"1":{"name":"(anonymous_1)","decl":{"start":{"line":14,"column":20},"end":{"line":14,"column":21}},"loc":{"start":{"line":14,"column":40},"end":{"line":21,"column":1}},"line":14}},"branchMap":{},"s":{"0":1,"1":1,"2":1,"3":1,"4":1,"5":1,"6":0,"7":1,"8":0,"9":0,"10":0,"11":0,"12":1},"f":{"0":1,"1":0},"b":{},"_coverageSchema":"1a1c01bbd47fc00a2c39e90264f33305004495a9","hash":"192c65d1b76b4306c588e791f1e3850dc9e6170f"}
,"/Users/faizamahmoud/Desktop/SEI/deliverables/capstone-project/the-perfume-store/controllers/user_controller.js": {"path":"/Users/faizamahmoud/Desktop/SEI/deliverables/capstone-project/the-perfume-store/controllers/user_controller.js","statementMap":{"0":{"start":{"line":2,"column":16},"end":{"line":2,"column":34}},"1":{"start":{"line":3,"column":16},"end":{"line":3,"column":36}},"2":{"start":{"line":8,"column":17},"end":{"line":16,"column":1}},"3":{"start":{"line":9,"column":1},"end":{"line":15,"column":2}},"4":{"start":{"line":10,"column":22},"end":{"line":10,"column":73}},"5":{"start":{"line":11,"column":17},"end":{"line":11,"column":44}},"6":{"start":{"line":12,"column":2},"end":{"line":12,"column":21}},"7":{"start":{"line":14,"column":2},"end":{"line":14,"column":30}},"8":{"start":{"line":18,"column":17},"end":{"line":25,"column":1}},"9":{"start":{"line":19,"column":1},"end":{"line":24,"column":2}},"10":{"start":{"line":20,"column":22},"end":{"line":20,"column":56}},"11":{"start":{"line":21,"column":2},"end":{"line":21,"column":32}},"12":{"start":{"line":23,"column":2},"end":{"line":23,"column":49}},"13":{"start":{"line":29,"column":19},"end":{"line":38,"column":1}},"14":{"start":{"line":30,"column":1},"end":{"line":37,"column":2}},"15":{"start":{"line":33,"column":15},"end":{"line":33,"column":67}},"16":{"start":{"line":34,"column":2},"end":{"line":34,"column":16}},"17":{"start":{"line":36,"column":2},"end":{"line":36,"column":30}},"18":{"start":{"line":42,"column":19},"end":{"line":49,"column":1}},"19":{"start":{"line":43,"column":1},"end":{"line":48,"column":2}},"20":{"start":{"line":44,"column":15},"end":{"line":44,"column":58}},"21":{"start":{"line":45,"column":2},"end":{"line":45,"column":16}},"22":{"start":{"line":47,"column":2},"end":{"line":47,"column":30}},"23":{"start":{"line":52,"column":0},"end":{"line":57,"column":2}}},"fnMap":{"0":{"name":"(anonymous_0)","decl":{"start":{"line":8,"column":17},"end":{"line":8,"column":18}},"loc":{"start":{"line":8,"column":37},"end":{"line":16,"column":1}},"line":8},"1":{"name":"(anonymous_1)","decl":{"start":{"line":18,"column":17},"end":{"line":18,"column":18}},"loc":{"start":{"line":18,"column":37},"end":{"line":25,"column":1}},"line":18},"2":{"name":"(anonymous_2)","decl":{"start":{"line":29,"column":19},"end":{"line":29,"column":20}},"loc":{"start":{"line":29,"column":39},"end":{"line":38,"column":1}},"line":29},"3":{"name":"(anonymous_3)","decl":{"start":{"line":42,"column":19},"end":{"line":42,"column":20}},"loc":{"start":{"line":42,"column":39},"end":{"line":49,"column":1}},"line":42}},"branchMap":{},"s":{"0":1,"1":1,"2":1,"3":0,"4":0,"5":0,"6":0,"7":0,"8":1,"9":0,"10":0,"11":0,"12":0,"13":1,"14":0,"15":0,"16":0,"17":0,"18":1,"19":0,"20":0,"21":0,"22":0,"23":1},"f":{"0":0,"1":0,"2":0,"3":0},"b":{},"_coverageSchema":"1a1c01bbd47fc00a2c39e90264f33305004495a9","hash":"b485abcb7e05c6611cdbdeac7e7666ef6435bce0"}
,"/Users/faizamahmoud/Desktop/SEI/deliverables/capstone-project/the-perfume-store/middleware/auth.js": {"path":"/Users/faizamahmoud/Desktop/SEI/deliverables/capstone-project/the-perfume-store/middleware/auth.js","statementMap":{"0":{"start":{"line":4,"column":17},"end":{"line":4,"column":36}},"1":{"start":{"line":5,"column":15},"end":{"line":5,"column":32}},"2":{"start":{"line":6,"column":12},"end":{"line":6,"column":35}},"3":{"start":{"line":15,"column":33},"end":{"line":15,"column":56}},"4":{"start":{"line":18,"column":13},"end":{"line":18,"column":38}},"5":{"start":{"line":27,"column":15},"end":{"line":27,"column":62}},"6":{"start":{"line":31,"column":13},"end":{"line":40,"column":1}},"7":{"start":{"line":46,"column":15},"end":{"line":63,"column":1}},"8":{"start":{"line":50,"column":1},"end":{"line":61,"column":2}},"9":{"start":{"line":55,"column":15},"end":{"line":55,"column":50}},"10":{"start":{"line":56,"column":2},"end":{"line":56,"column":26}},"11":{"start":{"line":60,"column":2},"end":{"line":60,"column":19}},"12":{"start":{"line":72,"column":17},"end":{"line":72,"column":43}},"13":{"start":{"line":77,"column":0},"end":{"line":77,"column":23}},"14":{"start":{"line":80,"column":0},"end":{"line":80,"column":22}},"15":{"start":{"line":85,"column":21},"end":{"line":85,"column":69}},"16":{"start":{"line":89,"column":24},"end":{"line":110,"column":1}},"17":{"start":{"line":97,"column":1},"end":{"line":105,"column":2}},"18":{"start":{"line":102,"column":16},"end":{"line":102,"column":75}},"19":{"start":{"line":103,"column":2},"end":{"line":103,"column":25}},"20":{"start":{"line":104,"column":2},"end":{"line":104,"column":14}},"21":{"start":{"line":109,"column":1},"end":{"line":109,"column":65}},"22":{"start":{"line":113,"column":32},"end":{"line":123,"column":1}},"23":{"start":{"line":114,"column":17},"end":{"line":114,"column":53}},"24":{"start":{"line":118,"column":1},"end":{"line":122,"column":2}},"25":{"start":{"line":119,"column":2},"end":{"line":119,"column":37}},"26":{"start":{"line":121,"column":2},"end":{"line":121,"column":18}},"27":{"start":{"line":125,"column":36},"end":{"line":135,"column":1}},"28":{"start":{"line":126,"column":17},"end":{"line":126,"column":29}},"29":{"start":{"line":130,"column":1},"end":{"line":134,"column":2}},"30":{"start":{"line":131,"column":2},"end":{"line":131,"column":47}},"31":{"start":{"line":133,"column":2},"end":{"line":133,"column":18}},"32":{"start":{"line":140,"column":0},"end":{"line":145,"column":2}}},"fnMap":{"0":{"name":"(anonymous_0)","decl":{"start":{"line":46,"column":15},"end":{"line":46,"column":16}},"loc":{"start":{"line":46,"column":44},"end":{"line":63,"column":1}},"line":46},"1":{"name":"(anonymous_1)","decl":{"start":{"line":89,"column":24},"end":{"line":89,"column":25}},"loc":{"start":{"line":89,"column":39},"end":{"line":110,"column":1}},"line":89},"2":{"name":"(anonymous_2)","decl":{"start":{"line":113,"column":32},"end":{"line":113,"column":33}},"loc":{"start":{"line":113,"column":51},"end":{"line":123,"column":1}},"line":113},"3":{"name":"(anonymous_3)","decl":{"start":{"line":125,"column":36},"end":{"line":125,"column":37}},"loc":{"start":{"line":125,"column":55},"end":{"line":135,"column":1}},"line":125}},"branchMap":{"0":{"loc":{"start":{"line":27,"column":15},"end":{"line":27,"column":62}},"type":"binary-expr","locations":[{"start":{"line":27,"column":15},"end":{"line":27,"column":37}},{"start":{"line":27,"column":41},"end":{"line":27,"column":62}}],"line":27},"1":{"loc":{"start":{"line":97,"column":1},"end":{"line":105,"column":2}},"type":"if","locations":[{"start":{"line":97,"column":1},"end":{"line":105,"column":2}},{"start":{},"end":{}}],"line":97},"2":{"loc":{"start":{"line":98,"column":2},"end":{"line":100,"column":55}},"type":"binary-expr","locations":[{"start":{"line":98,"column":2},"end":{"line":98,"column":7}},{"start":{"line":99,"column":2},"end":{"line":99,"column":20}},{"start":{"line":100,"column":2},"end":{"line":100,"column":55}}],"line":98},"3":{"loc":{"start":{"line":114,"column":17},"end":{"line":114,"column":53}},"type":"binary-expr","locations":[{"start":{"line":114,"column":17},"end":{"line":114,"column":35}},{"start":{"line":114,"column":39},"end":{"line":114,"column":53}}],"line":114},"4":{"loc":{"start":{"line":118,"column":1},"end":{"line":122,"column":2}},"type":"if","locations":[{"start":{"line":118,"column":1},"end":{"line":122,"column":2}},{"start":{"line":120,"column":8},"end":{"line":122,"column":2}}],"line":118},"5":{"loc":{"start":{"line":130,"column":1},"end":{"line":134,"column":2}},"type":"if","locations":[{"start":{"line":130,"column":1},"end":{"line":134,"column":2}},{"start":{"line":132,"column":8},"end":{"line":134,"column":2}}],"line":130}},"s":{"0":1,"1":1,"2":1,"3":1,"4":1,"5":1,"6":1,"7":1,"8":0,"9":0,"10":0,"11":0,"12":1,"13":1,"14":1,"15":1,"16":1,"17":0,"18":0,"19":0,"20":0,"21":0,"22":1,"23":0,"24":0,"25":0,"26":0,"27":1,"28":0,"29":0,"30":0,"31":0,"32":1},"f":{"0":0,"1":0,"2":0,"3":0},"b":{"0":[1,1],"1":[0,0],"2":[0,0,0],"3":[0,0],"4":[0,0],"5":[0,0]},"_coverageSchema":"1a1c01bbd47fc00a2c39e90264f33305004495a9","hash":"aa9d2faa9ee631e5086b3b4635a120155059e6fc"}
,"/Users/faizamahmoud/Desktop/SEI/deliverables/capstone-project/the-perfume-store/models/Perfume.js": {"path":"/Users/faizamahmoud/Desktop/SEI/deliverables/capstone-project/the-perfume-store/models/Perfume.js","statementMap":{"0":{"start":{"line":1,"column":17},"end":{"line":1,"column":36}},"1":{"start":{"line":2,"column":13},"end":{"line":2,"column":30}},"2":{"start":{"line":5,"column":22},"end":{"line":33,"column":24}},"3":{"start":{"line":37,"column":16},"end":{"line":37,"column":56}},"4":{"start":{"line":39,"column":0},"end":{"line":39,"column":25}}},"fnMap":{},"branchMap":{},"s":{"0":1,"1":1,"2":1,"3":1,"4":1},"f":{},"b":{},"_coverageSchema":"1a1c01bbd47fc00a2c39e90264f33305004495a9","hash":"a2313bd6e5f2f8d9854afd5fbb18cb947b46725f"}
,"/Users/faizamahmoud/Desktop/SEI/deliverables/capstone-project/the-perfume-store/models/User.js": {"path":"/Users/faizamahmoud/Desktop/SEI/deliverables/capstone-project/the-perfume-store/models/User.js","statementMap":{"0":{"start":{"line":2,"column":17},"end":{"line":2,"column":36}},"1":{"start":{"line":3,"column":24},"end":{"line":3,"column":60}},"2":{"start":{"line":6,"column":17},"end":{"line":37,"column":1}},"3":{"start":{"line":31,"column":3},"end":{"line":31,"column":23}},"4":{"start":{"line":32,"column":3},"end":{"line":32,"column":14}},"5":{"start":{"line":40,"column":0},"end":{"line":40,"column":88}},"6":{"start":{"line":42,"column":13},"end":{"line":42,"column":47}},"7":{"start":{"line":44,"column":0},"end":{"line":44,"column":22}}},"fnMap":{"0":{"name":"(anonymous_0)","decl":{"start":{"line":30,"column":13},"end":{"line":30,"column":14}},"loc":{"start":{"line":30,"column":28},"end":{"line":33,"column":3}},"line":30}},"branchMap":{},"s":{"0":1,"1":1,"2":1,"3":0,"4":0,"5":1,"6":1,"7":1},"f":{"0":0},"b":{},"_coverageSchema":"1a1c01bbd47fc00a2c39e90264f33305004495a9","hash":"c8b024f60d3c4b3d28a2f154d9bca1fc5d8385dd"}
,"/Users/faizamahmoud/Desktop/SEI/deliverables/capstone-project/the-perfume-store/models/index.js": {"path":"/Users/faizamahmoud/Desktop/SEI/deliverables/capstone-project/the-perfume-store/models/index.js","statementMap":{"0":{"start":{"line":1,"column":0},"end":{"line":1,"column":35}},"1":{"start":{"line":3,"column":0},"end":{"line":6,"column":2}}},"fnMap":{},"branchMap":{},"s":{"0":1,"1":1},"f":{},"b":{},"_coverageSchema":"1a1c01bbd47fc00a2c39e90264f33305004495a9","hash":"57f06afac06e73f6197c9563bb070f206d571e16"}
,"/Users/faizamahmoud/Desktop/SEI/deliverables/capstone-project/the-perfume-store/routes/authRoutes.js": {"path":"/Users/faizamahmoud/Desktop/SEI/deliverables/capstone-project/the-perfume-store/routes/authRoutes.js","statementMap":{"0":{"start":{"line":1,"column":16},"end":{"line":1,"column":34}},"1":{"start":{"line":2,"column":15},"end":{"line":2,"column":31}},"2":{"start":{"line":3,"column":17},"end":{"line":3,"column":45}},"3":{"start":{"line":4,"column":23},"end":{"line":4,"column":64}},"4":{"start":{"line":7,"column":0},"end":{"line":21,"column":2}},"5":{"start":{"line":14,"column":4},"end":{"line":19,"column":5}},"6":{"start":{"line":15,"column":19},"end":{"line":15,"column":62}},"7":{"start":{"line":16,"column":6},"end":{"line":16,"column":33}},"8":{"start":{"line":18,"column":6},"end":{"line":18,"column":65}},"9":{"start":{"line":23,"column":0},"end":{"line":36,"column":2}},"10":{"start":{"line":28,"column":4},"end":{"line":33,"column":3}},"11":{"start":{"line":29,"column":19},"end":{"line":29,"column":58}},"12":{"start":{"line":30,"column":4},"end":{"line":30,"column":31}},"13":{"start":{"line":32,"column":4},"end":{"line":32,"column":61}},"14":{"start":{"line":38,"column":0},"end":{"line":38,"column":24}}},"fnMap":{"0":{"name":"(anonymous_0)","decl":{"start":{"line":13,"column":2},"end":{"line":13,"column":3}},"loc":{"start":{"line":13,"column":22},"end":{"line":20,"column":3}},"line":13},"1":{"name":"(anonymous_1)","decl":{"start":{"line":27,"column":2},"end":{"line":27,"column":3}},"loc":{"start":{"line":27,"column":21},"end":{"line":34,"column":1}},"line":27}},"branchMap":{},"s":{"0":1,"1":1,"2":1,"3":1,"4":1,"5":0,"6":0,"7":0,"8":0,"9":1,"10":0,"11":0,"12":0,"13":0,"14":1},"f":{"0":0,"1":0},"b":{},"_coverageSchema":"1a1c01bbd47fc00a2c39e90264f33305004495a9","hash":"34f632a572609efe7bf3645b7f2d43defff42c57"}
,"/Users/faizamahmoud/Desktop/SEI/deliverables/capstone-project/the-perfume-store/routes/inventoryRoutes.js": {"path":"/Users/faizamahmoud/Desktop/SEI/deliverables/capstone-project/the-perfume-store/routes/inventoryRoutes.js","statementMap":{"0":{"start":{"line":7,"column":16},"end":{"line":7,"column":34}},"1":{"start":{"line":8,"column":15},"end":{"line":8,"column":31}},"2":{"start":{"line":9,"column":35},"end":{"line":9,"column":81}},"3":{"start":{"line":12,"column":0},"end":{"line":12,"column":28}},"4":{"start":{"line":14,"column":0},"end":{"line":14,"column":32}},"5":{"start":{"line":16,"column":0},"end":{"line":16,"column":24}}},"fnMap":{},"branchMap":{},"s":{"0":1,"1":1,"2":1,"3":1,"4":1,"5":1},"f":{},"b":{},"_coverageSchema":"1a1c01bbd47fc00a2c39e90264f33305004495a9","hash":"c31d34a279c3dbe7504bedd8be4628047e701eef"}
,"/Users/faizamahmoud/Desktop/SEI/deliverables/capstone-project/the-perfume-store/routes/userRoutes.js": {"path":"/Users/faizamahmoud/Desktop/SEI/deliverables/capstone-project/the-perfume-store/routes/userRoutes.js","statementMap":{"0":{"start":{"line":1,"column":16},"end":{"line":1,"column":34}},"1":{"start":{"line":2,"column":15},"end":{"line":2,"column":31}},"2":{"start":{"line":3,"column":53},"end":{"line":3,"column":94}},"3":{"start":{"line":6,"column":0},"end":{"line":6,"column":26}},"4":{"start":{"line":8,"column":0},"end":{"line":8,"column":29}},"5":{"start":{"line":11,"column":0},"end":{"line":11,"column":31}},"6":{"start":{"line":13,"column":0},"end":{"line":13,"column":34}},"7":{"start":{"line":15,"column":0},"end":{"line":15,"column":24}}},"fnMap":{},"branchMap":{},"s":{"0":1,"1":1,"2":1,"3":1,"4":1,"5":1,"6":1,"7":1},"f":{},"b":{},"_coverageSchema":"1a1c01bbd47fc00a2c39e90264f33305004495a9","hash":"20d240736d2bdff9d5abccaafb513fda81c43670"}
,"/Users/faizamahmoud/Desktop/SEI/deliverables/capstone-project/the-perfume-store/utils/server.js": {"path":"/Users/faizamahmoud/Desktop/SEI/deliverables/capstone-project/the-perfume-store/utils/server.js","statementMap":{"0":{"start":{"line":4,"column":16},"end":{"line":4,"column":34}},"1":{"start":{"line":5,"column":13},"end":{"line":5,"column":28}},"2":{"start":{"line":6,"column":15},"end":{"line":6,"column":32}},"3":{"start":{"line":7,"column":23},"end":{"line":7,"column":49}},"4":{"start":{"line":8,"column":19},"end":{"line":8,"column":50}},"5":{"start":{"line":9,"column":24},"end":{"line":9,"column":60}},"6":{"start":{"line":10,"column":19},"end":{"line":10,"column":50}},"7":{"start":{"line":15,"column":12},"end":{"line":15,"column":21}},"8":{"start":{"line":17,"column":0},"end":{"line":17,"column":24}},"9":{"start":{"line":18,"column":0},"end":{"line":18,"column":35}},"10":{"start":{"line":19,"column":0},"end":{"line":19,"column":16}},"11":{"start":{"line":20,"column":0},"end":{"line":20,"column":23}},"12":{"start":{"line":23,"column":0},"end":{"line":23,"column":46}},"13":{"start":{"line":25,"column":0},"end":{"line":25,"column":29}},"14":{"start":{"line":26,"column":0},"end":{"line":26,"column":39}},"15":{"start":{"line":27,"column":0},"end":{"line":27,"column":32}},"16":{"start":{"line":28,"column":0},"end":{"line":28,"column":11}},"17":{"start":{"line":30,"column":0},"end":{"line":30,"column":30}}},"fnMap":{"0":{"name":"createServer","decl":{"start":{"line":13,"column":9},"end":{"line":13,"column":21}},"loc":{"start":{"line":13,"column":25},"end":{"line":29,"column":1}},"line":13}},"branchMap":{},"s":{"0":1,"1":1,"2":1,"3":1,"4":1,"5":1,"6":1,"7":1,"8":1,"9":1,"10":1,"11":1,"12":1,"13":1,"14":1,"15":1,"16":1,"17":1},"f":{"0":1},"b":{},"_coverageSchema":"1a1c01bbd47fc00a2c39e90264f33305004495a9","hash":"db1b8e9d10e5aedb04a6fe31e98cfe7de548096e"}
}
