TN:
SF:config/db.connection.js
FN:11,connect
FN:15,close
FN:21,(anonymous_2)
FN:22,(anonymous_3)
FN:23,(anonymous_4)
FN:26,(anonymous_5)
FN:28,(anonymous_6)
FN:30,(anonymous_7)
FN:47,reloadData
FNF:9
FNH:3
FNDA:0,connect
FNDA:0,close
FNDA:0,(anonymous_2)
FNDA:0,(anonymous_3)
FNDA:0,(anonymous_4)
FNDA:2187,(anonymous_5)
FNDA:2187,(anonymous_6)
FNDA:1,(anonymous_7)
FNDA:0,reloadData
DA:1,1
DA:2,1
DA:3,1
DA:5,1
DA:6,1
DA:9,1
DA:12,0
DA:16,0
DA:20,1
DA:21,0
DA:22,0
DA:23,0
DA:26,2187
DA:28,2187
DA:30,1
DA:31,1
DA:32,1
DA:34,1
DA:35,103
DA:36,103
DA:37,100
DA:38,100
DA:41,1
DA:44,1
DA:48,0
DA:49,0
DA:50,0
DA:52,0
DA:58,1
LF:29
LH:20
BRDA:34,0,0,104
BRDA:34,0,1,103
BRDA:36,1,0,100
BRDA:36,1,1,3
BRF:4
BRH:4
end_of_record
TN:
SF:config/seed.js
FNF:0
FNH:0
DA:1,1
LF:1
LH:1
BRF:0
BRH:0
end_of_record
TN:
SF:controllers/auth_controller.js
FN:14,(anonymous_0)
FN:48,(anonymous_1)
FNF:2
FNH:0
FNDA:0,(anonymous_0)
FNDA:0,(anonymous_1)
DA:2,1
DA:3,1
DA:4,1
DA:5,1
DA:7,1
DA:14,1
DA:16,0
DA:17,0
DA:18,0
DA:19,0
DA:20,0
DA:21,0
DA:24,0
DA:25,0
DA:26,0
DA:27,0
DA:35,0
DA:38,0
DA:48,1
DA:49,0
DA:50,0
DA:51,0
DA:52,0
DA:54,0
DA:62,0
DA:68,1
LF:26
LH:8
BRDA:24,0,0,0
BRDA:24,0,1,0
BRF:2
BRH:0
end_of_record
TN:
SF:controllers/inventory_controller.js
FN:7,(anonymous_0)
FN:12,(anonymous_1)
FNF:2
FNH:0
FNDA:0,(anonymous_0)
FNDA:0,(anonymous_1)
DA:2,1
DA:3,1
DA:4,1
DA:7,1
DA:8,0
DA:12,1
DA:13,0
DA:14,0
DA:15,0
DA:17,0
DA:22,1
LF:11
LH:6
BRF:0
BRH:0
end_of_record
TN:
SF:controllers/user_controller.js
FN:9,(anonymous_0)
FN:19,(anonymous_1)
FN:32,(anonymous_2)
FN:46,(anonymous_3)
FNF:4
FNH:0
FNDA:0,(anonymous_0)
FNDA:0,(anonymous_1)
FNDA:0,(anonymous_2)
FNDA:0,(anonymous_3)
DA:2,1
DA:3,1
DA:4,1
DA:9,1
DA:10,0
DA:11,0
DA:12,0
DA:13,0
DA:15,0
DA:19,1
DA:20,0
DA:21,0
DA:24,0
DA:26,0
DA:32,1
DA:33,0
DA:35,0
DA:36,0
DA:40,0
DA:46,1
DA:47,0
DA:48,0
DA:50,0
DA:55,1
LF:24
LH:8
BRF:0
BRH:0
end_of_record
TN:
SF:middleware/auth.js
FN:46,(anonymous_0)
FN:89,(anonymous_1)
FN:113,(anonymous_2)
FN:125,(anonymous_3)
FNF:4
FNH:0
FNDA:0,(anonymous_0)
FNDA:0,(anonymous_1)
FNDA:0,(anonymous_2)
FNDA:0,(anonymous_3)
DA:4,1
DA:5,1
DA:6,1
DA:15,1
DA:18,1
DA:27,1
DA:31,1
DA:46,1
DA:50,0
DA:55,0
DA:56,0
DA:60,0
DA:72,1
DA:77,1
DA:80,1
DA:85,1
DA:89,1
DA:97,0
DA:102,0
DA:103,0
DA:104,0
DA:109,0
DA:113,1
DA:114,0
DA:118,0
DA:119,0
DA:121,0
DA:125,1
DA:126,0
DA:130,0
DA:131,0
DA:133,0
DA:140,1
LF:33
LH:16
BRDA:27,0,0,1
BRDA:27,0,1,1
BRDA:97,1,0,0
BRDA:97,1,1,0
BRDA:98,2,0,0
BRDA:98,2,1,0
BRDA:98,2,2,0
BRDA:114,3,0,0
BRDA:114,3,1,0
BRDA:118,4,0,0
BRDA:118,4,1,0
BRDA:130,5,0,0
BRDA:130,5,1,0
BRF:13
BRH:2
end_of_record
TN:
SF:models/Perfume.js
FNF:0
FNH:0
DA:1,1
DA:2,1
DA:5,1
DA:37,1
DA:39,1
LF:5
LH:5
BRF:0
BRH:0
end_of_record
TN:
SF:models/User.js
FN:30,(anonymous_0)
FNF:1
FNH:0
FNDA:0,(anonymous_0)
DA:2,1
DA:3,1
DA:6,1
DA:31,0
DA:32,0
DA:40,1
DA:42,1
DA:44,1
LF:8
LH:6
BRF:0
BRH:0
end_of_record
TN:
SF:models/index.js
FNF:0
FNH:0
DA:1,1
DA:3,1
LF:2
LH:2
BRF:0
BRH:0
end_of_record
TN:
SF:routes/authRoutes.js
FN:13,(anonymous_0)
FN:27,(anonymous_1)
FNF:2
FNH:0
FNDA:0,(anonymous_0)
FNDA:0,(anonymous_1)
DA:1,1
DA:2,1
DA:3,1
DA:4,1
DA:7,1
DA:14,0
DA:15,0
DA:16,0
DA:18,0
DA:23,1
DA:28,0
DA:29,0
DA:30,0
DA:32,0
DA:38,1
LF:15
LH:7
BRF:0
BRH:0
end_of_record
TN:
SF:routes/inventoryRoutes.js
FNF:0
FNH:0
DA:7,1
DA:8,1
DA:9,1
DA:12,1
DA:14,1
DA:16,1
LF:6
LH:6
BRF:0
BRH:0
end_of_record
TN:
SF:routes/userRoutes.js
FNF:0
FNH:0
DA:1,1
DA:2,1
DA:3,1
DA:6,1
DA:15,1
LF:5
LH:5
BRF:0
BRH:0
end_of_record
TN:
SF:utils/server.js
FNF:0
FNH:0
DA:1,1
DA:2,1
DA:3,1
DA:4,1
DA:6,1
DA:9,1
DA:10,1
DA:11,1
DA:14,1
DA:15,1
DA:16,1
DA:17,1
DA:20,1
DA:22,1
DA:23,1
DA:24,1
DA:26,1
LF:17
LH:17
BRF:0
BRH:0
end_of_record
